
ROM used:   336/32768 (1%)
            336/32768 (1%) including unused fragments

            0.4 Average locations per line
            15.3 Average locations per statement

RAM used:   23/1536 (1%) at main() level
            25/1536 (2%) worst case

Stack used: 3 worst case (2 in main + 1 for interrupts)
Stack size: 31

Lines Stmts  %   Files
----- ----- ---  -----
   60    22 100  main_master.c
   11     0   0  main_master.h
  840     0   0  ..\..\..\..\..\..\..\..\..\Program Files (x86)\PICC\Devices\18F4520.h
----- -----
  911    22 Total

Page ROM  %  RAM   Vol Diff  Functions:
---- --- --- ---   --- ----  ----------
0     38   6    1             @delay_ms1
0     14   2    0    20  1.3  RDA_isr
0     26   4    1    84  1.3  write_display
0    112  17    0   407  5.2  MAIN
 Inline         0             @cinit1

Program metrics:
    Functions               3
    Statements              22
    Comments                156
    Volume (V)              627
    Difficulty (D)          7.7
    Effort to implement (E) 4853
    Time to implement (T)   4 minutes
    Est Delivered Bugs (B)  0
    Cyclomatic Complexity   2
    Maintainability (MI)    62

 Segment     Used  Free
-----------  ----  ----
00000-00002     4  0  
00004-00006     0  4  
00008-00094   142  0  
00096-07FFE   190  32428  



