Added Component: Designator=C1(C0603C104K5RACTU)
Added Component: Designator=C2(C0603C104K5RACTU)
Added Component: Designator=C3(C0603C104K5RACTU)
Added Component: Designator=C4(C0603C104K5RACTU)
Added Component: Designator=C5(TAJB107M006RNJ)
Added Component: Designator=C6(C0603C104K5RACTU)
Added Component: Designator=C7(3216 Case-A)
Added Component: Designator=C8(C0603C104K5RACTU)
Added Component: Designator=C9(C0603C104K5RACTU)
Added Component: Designator=C10(C0603C104K5RACTU)
Added Component: Designator=C11(C0603C104K5RACTU)
Added Component: Designator=D1(Diode S4)
Added Component: Designator=D2(DO-214AC))
Added Component: Designator=IC1(TO252)
Added Component: Designator=LS1(VERDE 2pin)
Added Component: Designator=P1(USB_MICRO_B_AT)
Added Component: Designator=P2(IDC5X2)
Added Component: Designator=Q1(SOT-23-TT3_N)
Added Component: Designator=Q2(SOT-23-TT3_N)
Added Component: Designator=Q3(SOT-23-TT3_N)
Added Component: Designator=Q4(SuperSOT-3)
Added Component: Designator=Q5(SuperSOT-3)
Added Component: Designator=R1(RES-0805)
Added Component: Designator=R2(RES-0805)
Added Component: Designator=R3(RES-0805)
Added Component: Designator=R4(RES-0805)
Added Component: Designator=R5(RES-0805)
Added Component: Designator=R6(RES-0805)
Added Component: Designator=R7(RES-0805)
Added Component: Designator=R8(RES-0805)
Added Component: Designator=R9(RES-0805)
Added Component: Designator=R10(RES-0805)
Added Component: Designator=R11(RES-0805)
Added Component: Designator=R12(RES-0805)
Added Component: Designator=R13(RES-0805)
Added Component: Designator=U1(ESP-12E&F Module)
Added Component: Designator=U2(QFN50P500X500X100-29N)
Added Component: Designator=VR1(3314G-1)
Added Pin To Net: NetName=+3.3VDC Pin=C2-2
Added Pin To Net: NetName=+3.3VDC Pin=C3-2
Added Pin To Net: NetName=+3.3VDC Pin=C5-1
Added Pin To Net: NetName=+3.3VDC Pin=C6-2
Added Pin To Net: NetName=+3.3VDC Pin=C8-2
Added Pin To Net: NetName=+3.3VDC Pin=C9-2
Added Pin To Net: NetName=+3.3VDC Pin=IC1-4
Added Pin To Net: NetName=+3.3VDC Pin=Q4-2
Added Pin To Net: NetName=+3.3VDC Pin=Q5-2
Added Pin To Net: NetName=+3.3VDC Pin=R1-1
Added Pin To Net: NetName=+3.3VDC Pin=R2-1
Added Pin To Net: NetName=+3.3VDC Pin=R3-1
Added Pin To Net: NetName=+3.3VDC Pin=R4-1
Added Pin To Net: NetName=+3.3VDC Pin=R10-2
Added Pin To Net: NetName=+3.3VDC Pin=R12-2
Added Pin To Net: NetName=+3.3VDC Pin=U1-8
Added Pin To Net: NetName=+3.3VDC Pin=U2-6
Added Pin To Net: NetName=+3.3VDC Pin=U2-7
Added Net: Name=+3.3VDC
Added Pin To Net: NetName=+5VDC Pin=C4-2
Added Pin To Net: NetName=+5VDC Pin=C7-1
Added Pin To Net: NetName=+5VDC Pin=D1-1
Added Pin To Net: NetName=+5VDC Pin=IC1-3
Added Pin To Net: NetName=+5VDC Pin=P2-9
Added Pin To Net: NetName=+5VDC Pin=Q1-2
Added Pin To Net: NetName=+5VDC Pin=R11-2
Added Pin To Net: NetName=+5VDC Pin=R13-2
Added Net: Name=+5VDC
Added Pin To Net: NetName=ACTIVE Pin=U2-11
Added Net: Name=ACTIVE
Added Pin To Net: NetName=ADC Pin=U1-2
Added Net: Name=ADC
Added Pin To Net: NetName=CTS Pin=U2-23
Added Net: Name=CTS
Added Pin To Net: NetName=DCD Pin=U2-1
Added Net: Name=DCD
Added Pin To Net: NetName=DSR Pin=U2-27
Added Net: Name=DSR
Added Pin To Net: NetName=DTR Pin=Q3-2
Added Pin To Net: NetName=DTR Pin=R8-2
Added Pin To Net: NetName=DTR Pin=U2-28
Added Net: Name=DTR
Added Pin To Net: NetName=EN Pin=R2-2
Added Pin To Net: NetName=EN Pin=U1-3
Added Net: Name=EN
Added Pin To Net: NetName=ESP_RXD0 Pin=U1-21
Added Pin To Net: NetName=ESP_RXD0 Pin=U2-26
Added Net: Name=ESP_RXD0
Added Pin To Net: NetName=ESP_RXD2 Pin=Q4-1
Added Pin To Net: NetName=ESP_RXD2 Pin=R10-1
Added Pin To Net: NetName=ESP_RXD2 Pin=U1-7
Added Net: Name=ESP_RXD2
Added Pin To Net: NetName=ESP_TXD0 Pin=R7-1
Added Pin To Net: NetName=ESP_TXD0 Pin=U1-22
Added Net: Name=ESP_TXD0
Added Pin To Net: NetName=ESP_TXD2 Pin=Q5-1
Added Pin To Net: NetName=ESP_TXD2 Pin=R5-2
Added Pin To Net: NetName=ESP_TXD2 Pin=R12-1
Added Pin To Net: NetName=ESP_TXD2 Pin=U1-16
Added Net: Name=ESP_TXD2
Added Pin To Net: NetName=FLASH Pin=Q3-3
Added Pin To Net: NetName=FLASH Pin=U1-18
Added Net: Name=FLASH
Added Pin To Net: NetName=GND Pin=C1-1
Added Pin To Net: NetName=GND Pin=C2-1
Added Pin To Net: NetName=GND Pin=C3-1
Added Pin To Net: NetName=GND Pin=C4-1
Added Pin To Net: NetName=GND Pin=C5-2
Added Pin To Net: NetName=GND Pin=C6-1
Added Pin To Net: NetName=GND Pin=C7-2
Added Pin To Net: NetName=GND Pin=C8-1
Added Pin To Net: NetName=GND Pin=C9-1
Added Pin To Net: NetName=GND Pin=C10-1
Added Pin To Net: NetName=GND Pin=C11-1
Added Pin To Net: NetName=GND Pin=D2-2
Added Pin To Net: NetName=GND Pin=IC1-1
Added Pin To Net: NetName=GND Pin=LS1-2
Added Pin To Net: NetName=GND Pin=P1-0
Added Pin To Net: NetName=GND Pin=P1-0
Added Pin To Net: NetName=GND Pin=P1-0
Added Pin To Net: NetName=GND Pin=P1-0
Added Pin To Net: NetName=GND Pin=P1-4
Added Pin To Net: NetName=GND Pin=P1-4
Added Pin To Net: NetName=GND Pin=P2-10
Added Pin To Net: NetName=GND Pin=R5-1
Added Pin To Net: NetName=GND Pin=U1-15
Added Net: Name=GND
Added Pin To Net: NetName=GPIO2 Pin=U1-17
Added Net: Name=GPIO2
Added Pin To Net: NetName=GPIO4 Pin=U1-19
Added Net: Name=GPIO4
Added Pin To Net: NetName=GPIO5 Pin=R6-1
Added Pin To Net: NetName=GPIO5 Pin=U1-20
Added Net: Name=GPIO5
Added Pin To Net: NetName=GPIO9 Pin=U1-11
Added Net: Name=GPIO9
Added Pin To Net: NetName=GPIO10 Pin=U1-12
Added Net: Name=GPIO10
Added Pin To Net: NetName=GPIO12 Pin=U1-6
Added Net: Name=GPIO12
Added Pin To Net: NetName=GPIO14 Pin=U1-5
Added Net: Name=GPIO14
Added Pin To Net: NetName=GPIO16 Pin=U1-4
Added Net: Name=GPIO16
Added Pin To Net: NetName=H_RX Pin=P2-8
Added Pin To Net: NetName=H_RX Pin=Q5-3
Added Pin To Net: NetName=H_RX Pin=R13-1
Added Net: Name=H_RX
Added Pin To Net: NetName=H_TX Pin=P2-7
Added Pin To Net: NetName=H_TX Pin=Q4-3
Added Pin To Net: NetName=H_TX Pin=R11-1
Added Net: Name=H_TX
Added Pin To Net: NetName=NetC1_2 Pin=C1-2
Added Pin To Net: NetName=NetC1_2 Pin=R4-2
Added Net: Name=NetC1_2
Added Pin To Net: NetName=NetD2_1 Pin=D2-1
Added Pin To Net: NetName=NetD2_1 Pin=LS1-1
Added Pin To Net: NetName=NetD2_1 Pin=Q1-3
Added Net: Name=NetD2_1
Added Pin To Net: NetName=NetQ1_1 Pin=Q1-1
Added Pin To Net: NetName=NetQ1_1 Pin=VR1-1
Added Pin To Net: NetName=NetQ1_1 Pin=VR1-2
Added Net: Name=NetQ1_1
Added Pin To Net: NetName=NetQ2_1 Pin=Q2-1
Added Pin To Net: NetName=NetQ2_1 Pin=R8-1
Added Net: Name=NetQ2_1
Added Pin To Net: NetName=NetQ3_1 Pin=Q3-1
Added Pin To Net: NetName=NetQ3_1 Pin=R9-1
Added Net: Name=NetQ3_1
Added Pin To Net: NetName=NetR6_2 Pin=R6-2
Added Pin To Net: NetName=NetR6_2 Pin=VR1-3
Added Net: Name=NetR6_2
Added Pin To Net: NetName=NetR7_2 Pin=R7-2
Added Pin To Net: NetName=NetR7_2 Pin=U2-25
Added Net: Name=NetR7_2
Added Pin To Net: NetName=NRST Pin=Q2-3
Added Pin To Net: NetName=NRST Pin=R1-2
Added Pin To Net: NetName=NRST Pin=R3-2
Added Pin To Net: NetName=NRST Pin=U1-1
Added Net: Name=NRST
Added Pin To Net: NetName=RI Pin=U2-2
Added Net: Name=RI
Added Pin To Net: NetName=RTS Pin=Q2-2
Added Pin To Net: NetName=RTS Pin=R9-2
Added Pin To Net: NetName=RTS Pin=U2-24
Added Net: Name=RTS
Added Pin To Net: NetName=SPI_INT Pin=U1-13
Added Net: Name=SPI_INT
Added Pin To Net: NetName=SPI_MISO Pin=U1-10
Added Net: Name=SPI_MISO
Added Pin To Net: NetName=SPI_MOSI Pin=U1-9
Added Net: Name=SPI_MOSI
Added Pin To Net: NetName=SPI_SCK Pin=U1-14
Added Net: Name=SPI_SCK
Added Pin To Net: NetName=USB_M Pin=P1-2
Added Pin To Net: NetName=USB_M Pin=U2-5
Added Net: Name=USB_M
Added Pin To Net: NetName=USB_P Pin=P1-3
Added Pin To Net: NetName=USB_P Pin=U2-4
Added Net: Name=USB_P
Added Pin To Net: NetName=VUSB Pin=C10-2
Added Pin To Net: NetName=VUSB Pin=C11-2
Added Pin To Net: NetName=VUSB Pin=D1-2
Added Pin To Net: NetName=VUSB Pin=P1-1
Added Pin To Net: NetName=VUSB Pin=U2-8
Added Net: Name=VUSB
Added Class: Name=main_sheet
Added Class: Name=SH2
Added Class: Name=SH3
Added Class: Name=SH4
Added Room: Name=main_sheet
Added Room: Name=SH2
Added Room: Name=SH3
Added Room: Name=SH4
