
ROM used:   599/8192 (7%)
            599/8192 (7%) including unused fragments

            0.6 Average locations per line
            5.7 Average locations per statement

RAM used:   24/368 (7%) at main() level
            44/368 (12%) worst case

Stack used: 6 worst case (3 in main + 3 for interrupts)
Stack size: 8

Lines Stmts  %   Files
----- ----- ---  -----
  195   106 100  main_sclave.c
   13     0   0  main_sclave.h
  751     0   0  ..\..\..\..\..\..\..\..\..\Program Files (x86)\PICC\Devices\16F886.h
----- -----
  959   106 Total

Page ROM  %  RAM   Vol Diff  Functions:
---- --- --- ---   --- ----  ----------
0     20   3    1             @delay_ms1
0      6   1    0    21  1.5  ssp_isr
0     50   8    2   198  5.7  set_segments
0     32   5    6             @WRITEBITA
0    122  20    2   679  4.1  dispaly_init
0     80  13    1   583  4.2  numero
0    123  21    1   861  6.7  show_display
0     21   4    3             @DIV88
0     89  15    0   399  2.8  MAIN
 Inline         0             @cinit1

Program metrics:
    Functions               6
    Statements              106
    Comments                161
    Volume (V)              3896
    Difficulty (D)          25.2
    Effort to implement (E) 98074
    Time to implement (T)   1 hours, 31 minutes
    Est Delivered Bugs (B)  1
    Cyclomatic Complexity   24
    Maintainability (MI)    139

 Segment     Used  Free
-----------  ----  ----
00000-00003     4  0  
00004-00037    52  0  
00038-007FF   543  1449  
00800-00FFF     0  2048  
01000-017FF     0  2048  
01800-01FFF     0  2048  



